nohup: ignoring input
 * Serving Flask app "SearchServer" (lazy loading)
 * Environment: production
   WARNING: This is a development server. Do not use it in a production deployment.
   Use a production WSGI server instead.
 * Debug mode: on
 * Running on http://0.0.0.0:8881/ (Press CTRL+C to quit)
 * Restarting with stat
 * Debugger is active!
 * Debugger PIN: 860-129-900
202.121.223.30 - - [19/Nov/2020 11:47:35] "[37mPOST /search/pos-result HTTP/1.1[0m" 200 -
202.121.223.30 - - [19/Nov/2020 11:47:41] "[37mPOST /search/pos-result HTTP/1.1[0m" 200 -
202.121.223.30 - - [19/Nov/2020 12:29:25] "[37mPOST /search/pos-result HTTP/1.1[0m" 200 -
202.121.223.30 - - [19/Nov/2020 12:29:34] "[37mPOST /search/pos-result HTTP/1.1[0m" 200 -
202.121.223.30 - - [19/Nov/2020 12:29:39] "[37mPOST /search/pos-result HTTP/1.1[0m" 200 -
202.121.223.30 - - [19/Nov/2020 12:40:54] "[37mPOST /search/pos-result HTTP/1.1[0m" 200 -
202.121.223.30 - - [19/Nov/2020 12:41:55] "[37mPOST /search/pos-result HTTP/1.1[0m" 200 -
202.121.223.30 - - [19/Nov/2020 12:42:00] "[37mPOST /search/pos-result HTTP/1.1[0m" 200 -
202.121.223.30 - - [19/Nov/2020 12:53:18] "[37mPOST /search/pos-result HTTP/1.1[0m" 200 -
 * Detected change in '/home/iotlab/Search/SearchAndRecommend/service/Paginate.py', reloading
æ— ç¼“å­˜
{'query': {'bool': {'must': [{'match': {'JobType': '211121'}}, {'match': {'JobWorkYears': '3508'}}], 'should': []}}}
æ— ç¼“å­˜
{'query': {'bool': {'must': [{'match': {'JobType': '211400'}}, {'match': {'JobWorkYears': '3508'}}], 'should': []}}}
æ— ç¼“å­˜
{'query': {'bool': {'must': [{'match': {'JobType': '211400'}}, {'match': {'JobWorkYears': '3508'}}], 'should': []}}}
æ— ç¼“å­˜
{'query': {'bool': {'must': [{'match': {'JobType': '211300'}}, {'match': {'JobWorkYears': '3508'}}], 'should': []}}}
æ— ç¼“å­˜
{'query': {'bool': {'must': [{'match': {'JobType': '211200'}}, {'match': {'JobWorkYears': '3508'}}], 'should': []}}}
æ— ç¼“å­˜
{'query': {'bool': {'must': [{'match': {'JobType': '211400'}}, {'match': {'JobWorkYears': '3508'}}], 'should': []}}}
æ— ç¼“å­˜
{'query': {'bool': {'must': [{'match': {'JobType': '211400'}}, {'match': {'JobWorkYears': '3508'}}], 'should': []}}}
æ— ç¼“å­˜
{'query': {'bool': {'must': [{'match': {'JobType': '211400'}}, {'match': {'JobWorkYears': '3508'}}], 'should': []}}}
æ— ç¼“å­˜
{'query': {'bool': {'must': [{'match': {'JobType': '211400'}}, {'match': {'JobWorkYears': '3508'}}], 'should': []}}}
 * Restarting with stat
 * Debugger is active!
 * Debugger PIN: 860-129-900
202.121.223.30 - - [19/Nov/2020 12:55:46] "[37mPOST /search/pos-result HTTP/1.1[0m" 200 -
202.121.223.30 - - [19/Nov/2020 12:56:09] "[37mPOST /search/pos-result HTTP/1.1[0m" 200 -
202.121.223.30 - - [19/Nov/2020 12:56:25] "[37mPOST /search/pos-result HTTP/1.1[0m" 200 -
202.121.223.30 - - [19/Nov/2020 12:56:32] "[37mPOST /search/pos-result HTTP/1.1[0m" 200 -
202.121.223.30 - - [19/Nov/2020 13:01:43] "[37mPOST /completion/result HTTP/1.1[0m" 200 -
202.121.223.30 - - [19/Nov/2020 13:01:51] "[37mPOST /completion/result HTTP/1.1[0m" 200 -
202.121.223.30 - - [19/Nov/2020 13:02:06] "[37mPOST /completion/result HTTP/1.1[0m" 200 -
202.121.223.30 - - [19/Nov/2020 13:02:27] "[37mPOST /completion/result HTTP/1.1[0m" 200 -
202.121.223.30 - - [19/Nov/2020 13:02:35] "[37mPOST /search/pos-result HTTP/1.1[0m" 200 -
202.121.223.13 - - [19/Nov/2020 13:12:18] "[37mPOST /completion/result HTTP/1.1[0m" 200 -
202.121.223.13 - - [19/Nov/2020 13:12:42] "[37mPOST /completion/result HTTP/1.1[0m" 200 -
202.121.223.13 - - [19/Nov/2020 13:12:49] "[37mPOST /search/pos-result HTTP/1.1[0m" 200 -
202.121.223.13 - - [19/Nov/2020 13:13:05] "[37mPOST /search/pos-result HTTP/1.1[0m" 200 -
202.121.223.13 - - [19/Nov/2020 13:13:22] "[37mPOST /search/pos-result HTTP/1.1[0m" 200 -
202.121.223.13 - - [19/Nov/2020 13:13:36] "[37mPOST /search/pos-result HTTP/1.1[0m" 200 -
202.121.223.13 - - [19/Nov/2020 13:14:03] "[37mPOST /search/pos-result HTTP/1.1[0m" 200 -
202.121.223.13 - - [19/Nov/2020 13:14:15] "[37mPOST /search/pos-result HTTP/1.1[0m" 200 -
202.121.223.13 - - [19/Nov/2020 13:14:26] "[37mPOST /search/pos-result HTTP/1.1[0m" 200 -
202.121.223.13 - - [19/Nov/2020 13:14:38] "[37mPOST /search/pos-result HTTP/1.1[0m" 200 -
202.121.223.13 - - [19/Nov/2020 13:14:47] "[37mPOST /search/pos-result HTTP/1.1[0m" 200 -
202.121.223.30 - - [19/Nov/2020 13:16:48] "[37mPOST /search/pos-result HTTP/1.1[0m" 200 -
223.104.111.43 - - [19/Nov/2020 13:17:13] "[31m[1mGET /completion/result HTTP/1.1[0m" 405 -
223.104.111.43 - - [19/Nov/2020 13:17:13] "[33mGET /favicon.ico HTTP/1.1[0m" 404 -
223.104.111.43 - - [19/Nov/2020 13:17:30] "[31m[1mGET /completion/result HTTP/1.1[0m" 405 -
223.104.111.43 - - [19/Nov/2020 13:17:43] "[33mGET / HTTP/1.1[0m" 404 -
223.104.111.43 - - [19/Nov/2020 13:17:43] "[33mGET /favicon.ico HTTP/1.1[0m" 404 -
36.154.91.154 - - [19/Nov/2020 13:29:32] "[31m[1mGET /completion/result HTTP/1.1[0m" 405 -
36.154.91.154 - - [19/Nov/2020 13:30:08] "[31m[1mGET /completion/result HTTP/1.1[0m" 405 -
36.154.91.154 - - [19/Nov/2020 13:30:48] "[31m[1mGET /search/pos-result HTTP/1.1[0m" 405 -
36.154.91.154 - - [19/Nov/2020 13:30:59] "[31m[1mGET /search/pos-result HTTP/1.1[0m" 405 -
36.154.91.154 - - [19/Nov/2020 13:32:12] "[31m[1mGET /search/pos-result HTTP/1.1[0m" 405 -
36.154.91.154 - - [19/Nov/2020 13:32:17] "[31m[1mGET /search/pos-result HTTP/1.1[0m" 405 -
36.154.91.154 - - [19/Nov/2020 13:32:19] "[31m[1mGET /search/pos-result HTTP/1.1[0m" 405 -
152.136.19.96 - - [19/Nov/2020 13:49:21] "[37mPOST /completion/result HTTP/1.1[0m" 200 -
221.224.112.50 - - [19/Nov/2020 13:49:28] "[37mPOST /completion/result HTTP/1.1[0m" 200 -
221.224.112.50 - - [19/Nov/2020 13:49:43] "[37mPOST /completion/result HTTP/1.1[0m" 200 -
152.136.19.96 - - [19/Nov/2020 13:50:12] "[37mPOST /completion/result HTTP/1.1[0m" 200 -
221.224.112.50 - - [19/Nov/2020 13:50:50] "[37mPOST /search/pos-result HTTP/1.1[0m" 200 -
221.224.112.50 - - [19/Nov/2020 13:51:56] "[37mPOST /search/pos-result HTTP/1.1[0m" 200 -
152.136.19.96 - - [19/Nov/2020 14:10:14] "[37mPOST /completion/result HTTP/1.1[0m" 200 -
152.136.19.96 - - [19/Nov/2020 14:10:34] "[37mPOST /completion/result HTTP/1.1[0m" 200 -
152.136.19.96 - - [19/Nov/2020 14:10:43] "[35m[1mPOST /completion/result HTTP/1.1[0m" 500 -
Traceback (most recent call last):
  File "/root/anaconda3/envs/kunshan/lib/python3.7/json/decoder.py", line 353, in raw_decode
    obj, end = self.scan_once(s, idx)
StopIteration: 11

During handling of the above exception, another exception occurred:

Traceback (most recent call last):
  File "/root/anaconda3/envs/kunshan/lib/python3.7/site-packages/flask/app.py", line 2464, in __call__
    return self.wsgi_app(environ, start_response)
  File "/root/anaconda3/envs/kunshan/lib/python3.7/site-packages/flask/app.py", line 2450, in wsgi_app
    response = self.handle_exception(e)
  File "/root/anaconda3/envs/kunshan/lib/python3.7/site-packages/flask/app.py", line 1867, in handle_exception
    reraise(exc_type, exc_value, tb)
  File "/root/anaconda3/envs/kunshan/lib/python3.7/site-packages/flask/_compat.py", line 39, in reraise
    raise value
  File "/root/anaconda3/envs/kunshan/lib/python3.7/site-packages/flask/app.py", line 2447, in wsgi_app
    response = self.full_dispatch_request()
  File "/root/anaconda3/envs/kunshan/lib/python3.7/site-packages/flask/app.py", line 1952, in full_dispatch_request
    rv = self.handle_user_exception(e)
  File "/root/anaconda3/envs/kunshan/lib/python3.7/site-packages/flask/app.py", line 1821, in handle_user_exception
    reraise(exc_type, exc_value, tb)
  File "/root/anaconda3/envs/kunshan/lib/python3.7/site-packages/flask/_compat.py", line 39, in reraise
    raise value
  File "/root/anaconda3/envs/kunshan/lib/python3.7/site-packages/flask/app.py", line 1950, in full_dispatch_request
    rv = self.dispatch_request()
  File "/root/anaconda3/envs/kunshan/lib/python3.7/site-packages/flask/app.py", line 1936, in dispatch_request
    return self.view_functions[rule.endpoint](**req.view_args)
  File "/home/iotlab/Search/SearchAndRecommend/control/SearchServer.py", line 15, in com_service
    data = json.loads(request.data.decode("utf-8"))
  File "/root/anaconda3/envs/kunshan/lib/python3.7/json/__init__.py", line 348, in loads
    return _default_decoder.decode(s)
  File "/root/anaconda3/envs/kunshan/lib/python3.7/json/decoder.py", line 337, in decode
    obj, end = self.raw_decode(s, idx=_w(s, 0).end())
  File "/root/anaconda3/envs/kunshan/lib/python3.7/json/decoder.py", line 355, in raw_decode
    raise JSONDecodeError("Expecting value", s, err.value) from None
json.decoder.JSONDecodeError: Expecting value: line 1 column 12 (char 11)
152.136.19.96 - - [19/Nov/2020 14:11:33] "[35m[1mPOST /completion/result HTTP/1.1[0m" 500 -
Traceback (most recent call last):
  File "/root/anaconda3/envs/kunshan/lib/python3.7/json/decoder.py", line 353, in raw_decode
    obj, end = self.scan_once(s, idx)
StopIteration: 11

During handling of the above exception, another exception occurred:

Traceback (most recent call last):
  File "/root/anaconda3/envs/kunshan/lib/python3.7/site-packages/flask/app.py", line 2464, in __call__
    return self.wsgi_app(environ, start_response)
  File "/root/anaconda3/envs/kunshan/lib/python3.7/site-packages/flask/app.py", line 2450, in wsgi_app
    response = self.handle_exception(e)
  File "/root/anaconda3/envs/kunshan/lib/python3.7/site-packages/flask/app.py", line 1867, in handle_exception
    reraise(exc_type, exc_value, tb)
  File "/root/anaconda3/envs/kunshan/lib/python3.7/site-packages/flask/_compat.py", line 39, in reraise
    raise value
  File "/root/anaconda3/envs/kunshan/lib/python3.7/site-packages/flask/app.py", line 2447, in wsgi_app
    response = self.full_dispatch_request()
  File "/root/anaconda3/envs/kunshan/lib/python3.7/site-packages/flask/app.py", line 1952, in full_dispatch_request
    rv = self.handle_user_exception(e)
  File "/root/anaconda3/envs/kunshan/lib/python3.7/site-packages/flask/app.py", line 1821, in handle_user_exception
    reraise(exc_type, exc_value, tb)
  File "/root/anaconda3/envs/kunshan/lib/python3.7/site-packages/flask/_compat.py", line 39, in reraise
    raise value
  File "/root/anaconda3/envs/kunshan/lib/python3.7/site-packages/flask/app.py", line 1950, in full_dispatch_request
    rv = self.dispatch_request()
  File "/root/anaconda3/envs/kunshan/lib/python3.7/site-packages/flask/app.py", line 1936, in dispatch_request
    return self.view_functions[rule.endpoint](**req.view_args)
  File "/home/iotlab/Search/SearchAndRecommend/control/SearchServer.py", line 15, in com_service
    data = json.loads(request.data.decode("utf-8"))
  File "/root/anaconda3/envs/kunshan/lib/python3.7/json/__init__.py", line 348, in loads
    return _default_decoder.decode(s)
  File "/root/anaconda3/envs/kunshan/lib/python3.7/json/decoder.py", line 337, in decode
    obj, end = self.raw_decode(s, idx=_w(s, 0).end())
  File "/root/anaconda3/envs/kunshan/lib/python3.7/json/decoder.py", line 355, in raw_decode
    raise JSONDecodeError("Expecting value", s, err.value) from None
json.decoder.JSONDecodeError: Expecting value: line 1 column 12 (char 11)
152.136.19.96 - - [19/Nov/2020 14:11:41] "[35m[1mPOST /completion/result HTTP/1.1[0m" 500 -
Traceback (most recent call last):
  File "/root/anaconda3/envs/kunshan/lib/python3.7/json/decoder.py", line 353, in raw_decode
    obj, end = self.scan_once(s, idx)
StopIteration: 11

During handling of the above exception, another exception occurred:

Traceback (most recent call last):
  File "/root/anaconda3/envs/kunshan/lib/python3.7/site-packages/flask/app.py", line 2464, in __call__
    return self.wsgi_app(environ, start_response)
  File "/root/anaconda3/envs/kunshan/lib/python3.7/site-packages/flask/app.py", line 2450, in wsgi_app
    response = self.handle_exception(e)
  File "/root/anaconda3/envs/kunshan/lib/python3.7/site-packages/flask/app.py", line 1867, in handle_exception
    reraise(exc_type, exc_value, tb)
  File "/root/anaconda3/envs/kunshan/lib/python3.7/site-packages/flask/_compat.py", line 39, in reraise
    raise value
  File "/root/anaconda3/envs/kunshan/lib/python3.7/site-packages/flask/app.py", line 2447, in wsgi_app
    response = self.full_dispatch_request()
  File "/root/anaconda3/envs/kunshan/lib/python3.7/site-packages/flask/app.py", line 1952, in full_dispatch_request
    rv = self.handle_user_exception(e)
  File "/root/anaconda3/envs/kunshan/lib/python3.7/site-packages/flask/app.py", line 1821, in handle_user_exception
    reraise(exc_type, exc_value, tb)
  File "/root/anaconda3/envs/kunshan/lib/python3.7/site-packages/flask/_compat.py", line 39, in reraise
    raise value
  File "/root/anaconda3/envs/kunshan/lib/python3.7/site-packages/flask/app.py", line 1950, in full_dispatch_request
    rv = self.dispatch_request()
  File "/root/anaconda3/envs/kunshan/lib/python3.7/site-packages/flask/app.py", line 1936, in dispatch_request
    return self.view_functions[rule.endpoint](**req.view_args)
  File "/home/iotlab/Search/SearchAndRecommend/control/SearchServer.py", line 15, in com_service
    data = json.loads(request.data.decode("utf-8"))
  File "/root/anaconda3/envs/kunshan/lib/python3.7/json/__init__.py", line 348, in loads
    return _default_decoder.decode(s)
  File "/root/anaconda3/envs/kunshan/lib/python3.7/json/decoder.py", line 337, in decode
    obj, end = self.raw_decode(s, idx=_w(s, 0).end())
  File "/root/anaconda3/envs/kunshan/lib/python3.7/json/decoder.py", line 355, in raw_decode
    raise JSONDecodeError("Expecting value", s, err.value) from None
json.decoder.JSONDecodeError: Expecting value: line 1 column 12 (char 11)
221.224.112.50 - - [19/Nov/2020 14:37:48] "[31m[1mGET /completion/result HTTP/1.1[0m" 405 -
221.224.112.50 - - [19/Nov/2020 14:37:48] "[33mGET /favicon.ico HTTP/1.1[0m" 404 -
203.195.211.185 - - [19/Nov/2020 14:38:28] "[31m[1mGET /completion/result HTTP/1.1[0m" 405 -
203.195.211.185 - - [19/Nov/2020 14:38:43] "[37mPOST /completion/result HTTP/1.1[0m" 200 -
203.195.211.185 - - [19/Nov/2020 14:40:20] "[37mPOST /search/pos-result HTTP/1.1[0m" 200 -
203.195.211.185 - - [19/Nov/2020 14:42:08] "[37mPOST /search/pos-result HTTP/1.1[0m" 200 -
203.195.211.185 - - [19/Nov/2020 14:42:44] "[37mPOST /search/pos-result HTTP/1.1[0m" 200 -
203.195.211.185 - - [19/Nov/2020 14:42:54] "[37mPOST /search/pos-result HTTP/1.1[0m" 200 -
203.195.211.185 - - [19/Nov/2020 14:47:26] "[37mPOST /search/pos-result HTTP/1.1[0m" 200 -
203.195.211.185 - - [19/Nov/2020 14:47:59] "[37mPOST /search/pos-result HTTP/1.1[0m" 200 -
203.195.211.185 - - [19/Nov/2020 14:48:43] "[37mPOST /search/pos-result HTTP/1.1[0m" 200 -
203.195.211.185 - - [19/Nov/2020 14:49:02] "[37mPOST /search/pos-result HTTP/1.1[0m" 200 -
203.195.211.185 - - [19/Nov/2020 14:49:07] "[37mPOST /search/pos-result HTTP/1.1[0m" 200 -
203.195.211.185 - - [19/Nov/2020 14:49:32] "[37mPOST /search/pos-result HTTP/1.1[0m" 200 -
203.195.211.185 - - [19/Nov/2020 14:50:04] "[37mPOST /search/pos-result HTTP/1.1[0m" 200 -
203.195.211.185 - - [19/Nov/2020 14:50:44] "[37mPOST /search/pos-result HTTP/1.1[0m" 200 -
203.195.211.185 - - [19/Nov/2020 14:51:05] "[37mPOST /search/pos-result HTTP/1.1[0m" 200 -
203.195.211.185 - - [19/Nov/2020 14:51:34] "[37mPOST /search/pos-result HTTP/1.1[0m" 200 -
203.195.211.185 - - [19/Nov/2020 14:51:43] "[37mPOST /search/pos-result HTTP/1.1[0m" 200 -
203.195.211.185 - - [19/Nov/2020 14:53:04] "[37mPOST /completion/result HTTP/1.1[0m" 200 -
203.195.211.185 - - [19/Nov/2020 14:53:08] "[37mPOST /completion/result HTTP/1.1[0m" 200 -
203.195.211.185 - - [19/Nov/2020 14:53:16] "[37mPOST /completion/result HTTP/1.1[0m" 200 -
203.195.211.185 - - [19/Nov/2020 14:53:20] "[37mPOST /completion/result HTTP/1.1[0m" 200 -
203.195.211.185 - - [19/Nov/2020 14:53:28] "[37mPOST /completion/result HTTP/1.1[0m" 200 -
203.195.211.185 - - [19/Nov/2020 14:53:36] "[37mPOST /completion/result HTTP/1.1[0m" 200 -
203.195.211.185 - - [19/Nov/2020 14:53:44] "[37mPOST /completion/result HTTP/1.1[0m" 200 -
202.121.223.30 - - [19/Nov/2020 15:51:11] "[37mPOST /search/pos-result HTTP/1.1[0m" 200 -
42.236.10.125 - - [19/Nov/2020 16:30:52] "[31m[1mGET /search/pos-result HTTP/1.1[0m" 405 -
42.236.10.125 - - [19/Nov/2020 16:30:53] "[31m[1mGET /search/pos-result HTTP/1.1[0m" 405 -
42.236.10.117 - - [19/Nov/2020 16:31:05] "[31m[1mGET /search/pos-result HTTP/1.1[0m" 405 -
42.236.10.114 - - [19/Nov/2020 16:31:07] "[31m[1mGET /search/pos-result HTTP/1.1[0m" 405 -
36.154.91.154 - - [19/Nov/2020 16:33:58] "[33mGET / HTTP/1.1[0m" 404 -
180.163.220.5 - - [19/Nov/2020 17:35:42] "[33mGET / HTTP/1.1[0m" 404 -
180.163.220.66 - - [19/Nov/2020 17:35:45] "[33mGET / HTTP/1.1[0m" 404 -
42.236.10.117 - - [19/Nov/2020 17:35:58] "[33mGET / HTTP/1.1[0m" 404 -
42.236.10.125 - - [19/Nov/2020 17:36:06] "[33mGET / HTTP/1.1[0m" 404 -
42.236.10.114 - - [19/Nov/2020 20:46:05] "[31m[1mGET /completion/result HTTP/1.1[0m" 405 -
42.236.10.117 - - [19/Nov/2020 20:46:10] "[31m[1mGET /completion/result HTTP/1.1[0m" 405 -
27.115.124.6 - - [19/Nov/2020 20:46:16] "[31m[1mGET /completion/result HTTP/1.1[0m" 405 -
27.115.124.6 - - [19/Nov/2020 20:46:17] "[31m[1mGET /completion/result HTTP/1.1[0m" 405 -
